0 info it worked if it ends with ok
1 verbose cli [ '/usr/local/nvm/v0.10.45/bin/node',
1 verbose cli   '/usr/local/nvm/v0.10.45/bin/npm',
1 verbose cli   'start' ]
2 info using npm@2.15.1
3 info using node@v0.10.45
4 verbose run-script [ 'prestart', 'start', 'poststart' ]
5 info prestart rhd-frontend@1.0.2
6 info start rhd-frontend@1.0.2
7 verbose unsafe-perm in lifecycle true
8 info rhd-frontend@1.0.2 Failed to exec start script
9 verbose stack Error: rhd-frontend@1.0.2 start: `npm run build && npm run docs`
9 verbose stack Exit status 1
9 verbose stack     at EventEmitter.<anonymous> (/usr/local/nvm/v0.10.45/lib/node_modules/npm/lib/utils/lifecycle.js:217:16)
9 verbose stack     at EventEmitter.emit (events.js:98:17)
9 verbose stack     at ChildProcess.<anonymous> (/usr/local/nvm/v0.10.45/lib/node_modules/npm/lib/utils/spawn.js:24:14)
9 verbose stack     at ChildProcess.emit (events.js:98:17)
9 verbose stack     at maybeClose (child_process.js:766:16)
9 verbose stack     at Process.ChildProcess._handle.onexit (child_process.js:833:5)
10 verbose pkgid rhd-frontend@1.0.2
11 verbose cwd /Users/ldary/rh/rhd-frontend
12 error Darwin 17.4.0
13 error argv "/usr/local/nvm/v0.10.45/bin/node" "/usr/local/nvm/v0.10.45/bin/npm" "start"
14 error node v0.10.45
15 error npm  v2.15.1
16 error code ELIFECYCLE
17 error rhd-frontend@1.0.2 start: `npm run build && npm run docs`
17 error Exit status 1
18 error Failed at the rhd-frontend@1.0.2 start script 'npm run build && npm run docs'.
18 error This is most likely a problem with the rhd-frontend package,
18 error not with npm itself.
18 error Tell the author that this fails on your system:
18 error     npm run build && npm run docs
18 error You can get information on how to open an issue for this project with:
18 error     npm bugs rhd-frontend
18 error Or if that isn't available, you can get their info via:
18 error
18 error     npm owner ls rhd-frontend
18 error There is likely additional logging output above.
19 verbose exit [ 1, true ]
